[2023-01-14T10:38:06.085+0530] {taskinstance.py:1087} INFO - Dependencies all met for <TaskInstance: NSE_Open_Interest.extract scheduled__2023-01-13T00:00:00+00:00 [queued]>
[2023-01-14T10:38:06.130+0530] {taskinstance.py:1087} INFO - Dependencies all met for <TaskInstance: NSE_Open_Interest.extract scheduled__2023-01-13T00:00:00+00:00 [queued]>
[2023-01-14T10:38:06.130+0530] {taskinstance.py:1283} INFO - 
--------------------------------------------------------------------------------
[2023-01-14T10:38:06.130+0530] {taskinstance.py:1284} INFO - Starting attempt 1 of 4
[2023-01-14T10:38:06.130+0530] {taskinstance.py:1285} INFO - 
--------------------------------------------------------------------------------
[2023-01-14T10:38:06.202+0530] {taskinstance.py:1304} INFO - Executing <Task(PythonOperator): extract> on 2023-01-13 00:00:00+00:00
[2023-01-14T10:38:06.229+0530] {standard_task_runner.py:55} INFO - Started process 29959 to run task
[2023-01-14T10:38:06.244+0530] {standard_task_runner.py:82} INFO - Running: ['airflow', 'tasks', 'run', 'NSE_Open_Interest', 'extract', 'scheduled__2023-01-13T00:00:00+00:00', '--job-id', '3192', '--raw', '--subdir', 'DAGS_FOLDER/NSE_Open_Interest.py', '--cfg-path', '/tmp/tmptml35rar']
[2023-01-14T10:38:06.248+0530] {standard_task_runner.py:83} INFO - Job 3192: Subtask extract
[2023-01-14T10:38:06.440+0530] {task_command.py:389} INFO - Running <TaskInstance: NSE_Open_Interest.extract scheduled__2023-01-13T00:00:00+00:00 [running]> on host DESKTOP-SQIOQPD.
[2023-01-14T10:38:06.781+0530] {taskinstance.py:1511} INFO - Exporting the following env vars:
AIRFLOW_CTX_DAG_EMAIL=nikheleshbhattacharyya@gmail.com
AIRFLOW_CTX_DAG_OWNER=airflow
AIRFLOW_CTX_DAG_ID=NSE_Open_Interest
AIRFLOW_CTX_TASK_ID=extract
AIRFLOW_CTX_EXECUTION_DATE=2023-01-13T00:00:00+00:00
AIRFLOW_CTX_TRY_NUMBER=1
AIRFLOW_CTX_DAG_RUN_ID=scheduled__2023-01-13T00:00:00+00:00
[2023-01-14T10:38:06.786+0530] {logging_mixin.py:137} INFO - 2020-02-14 00:00:00
[2023-01-14T10:38:07.239+0530] {logging_mixin.py:137} INFO - 2020-02-15 00:00:00
[2023-01-14T10:38:10.512+0530] {logging_mixin.py:137} INFO - 2020-02-16 00:00:00
[2023-01-14T10:38:13.666+0530] {logging_mixin.py:137} INFO - 2020-02-17 00:00:00
[2023-01-14T10:38:14.341+0530] {logging_mixin.py:137} INFO - 2020-02-18 00:00:00
[2023-01-14T10:38:14.958+0530] {logging_mixin.py:137} INFO - 2020-02-19 00:00:00
[2023-01-14T10:38:15.236+0530] {logging_mixin.py:137} INFO - 2020-02-20 00:00:00
[2023-01-14T10:38:15.785+0530] {logging_mixin.py:137} INFO - 2020-02-21 00:00:00
[2023-01-14T10:38:18.919+0530] {logging_mixin.py:137} INFO - 2020-02-22 00:00:00
[2023-01-14T10:38:22.050+0530] {logging_mixin.py:137} INFO - 2020-02-23 00:00:00
[2023-01-14T10:38:25.206+0530] {logging_mixin.py:137} INFO - 2020-02-24 00:00:00
[2023-01-14T10:38:25.544+0530] {logging_mixin.py:137} INFO - 2020-02-25 00:00:00
[2023-01-14T10:38:26.078+0530] {logging_mixin.py:137} INFO - 2020-02-26 00:00:00
[2023-01-14T10:38:26.379+0530] {logging_mixin.py:137} INFO - 2020-02-27 00:00:00
[2023-01-14T10:38:26.737+0530] {logging_mixin.py:137} INFO - 2020-02-28 00:00:00
[2023-01-14T10:38:27.254+0530] {logging_mixin.py:137} INFO - 2020-02-29 00:00:00
[2023-01-14T10:38:30.368+0530] {logging_mixin.py:137} INFO - 2020-03-01 00:00:00
[2023-01-14T10:38:33.550+0530] {logging_mixin.py:137} INFO - 2020-03-02 00:00:00
[2023-01-14T10:38:34.051+0530] {logging_mixin.py:137} INFO - 2020-03-03 00:00:00
[2023-01-14T10:38:34.535+0530] {logging_mixin.py:137} INFO - 2020-03-04 00:00:00
[2023-01-14T10:38:34.851+0530] {logging_mixin.py:137} INFO - 2020-03-05 00:00:00
[2023-01-14T10:38:35.229+0530] {logging_mixin.py:137} INFO - 2020-03-06 00:00:00
[2023-01-14T10:38:35.586+0530] {logging_mixin.py:137} INFO - 2020-03-07 00:00:00
[2023-01-14T10:38:38.702+0530] {logging_mixin.py:137} INFO - 2020-03-08 00:00:00
[2023-01-14T10:38:41.822+0530] {logging_mixin.py:137} INFO - 2020-03-09 00:00:00
[2023-01-14T10:38:42.537+0530] {logging_mixin.py:137} INFO - 2020-03-10 00:00:00
[2023-01-14T10:38:45.844+0530] {logging_mixin.py:137} INFO - 2020-03-11 00:00:00
[2023-01-14T10:38:46.142+0530] {logging_mixin.py:137} INFO - 2020-03-12 00:00:00
[2023-01-14T10:38:46.410+0530] {logging_mixin.py:137} INFO - 2020-03-13 00:00:00
[2023-01-14T10:38:46.832+0530] {logging_mixin.py:137} INFO - 2020-03-14 00:00:00
[2023-01-14T10:38:50.188+0530] {logging_mixin.py:137} INFO - 2020-03-15 00:00:00
[2023-01-14T10:38:53.298+0530] {logging_mixin.py:137} INFO - 2020-03-16 00:00:00
[2023-01-14T10:38:53.658+0530] {logging_mixin.py:137} INFO - 2020-03-17 00:00:00
[2023-01-14T10:38:53.931+0530] {logging_mixin.py:137} INFO - 2020-03-18 00:00:00
[2023-01-14T10:38:54.263+0530] {logging_mixin.py:137} INFO - 2020-03-19 00:00:00
[2023-01-14T10:38:54.599+0530] {logging_mixin.py:137} INFO - 2020-03-20 00:00:00
[2023-01-14T10:38:55.047+0530] {logging_mixin.py:137} INFO - 2020-03-21 00:00:00
[2023-01-14T10:38:58.269+0530] {logging_mixin.py:137} INFO - 2020-03-22 00:00:00
[2023-01-14T10:39:01.791+0530] {logging_mixin.py:137} INFO - 2020-03-23 00:00:00
[2023-01-14T10:39:02.105+0530] {logging_mixin.py:137} INFO - 2020-03-24 00:00:00
[2023-01-14T10:39:02.535+0530] {logging_mixin.py:137} INFO - 2020-03-25 00:00:00
[2023-01-14T10:39:03.236+0530] {logging_mixin.py:137} INFO - 2020-03-26 00:00:00
[2023-01-14T10:39:03.638+0530] {logging_mixin.py:137} INFO - 2020-03-27 00:00:00
[2023-01-14T10:39:03.940+0530] {logging_mixin.py:137} INFO - 2020-03-28 00:00:00
[2023-01-14T10:39:07.058+0530] {logging_mixin.py:137} INFO - 2020-03-29 00:00:00
[2023-01-14T10:39:10.395+0530] {logging_mixin.py:137} INFO - 2020-03-30 00:00:00
[2023-01-14T10:39:10.722+0530] {logging_mixin.py:137} INFO - 2020-03-31 00:00:00
[2023-01-14T10:39:11.023+0530] {logging_mixin.py:137} INFO - 2020-04-01 00:00:00
[2023-01-14T10:39:11.378+0530] {logging_mixin.py:137} INFO - 2020-04-02 00:00:00
[2023-01-14T10:39:14.504+0530] {logging_mixin.py:137} INFO - 2020-04-03 00:00:00
[2023-01-14T10:39:14.990+0530] {logging_mixin.py:137} INFO - 2020-04-04 00:00:00
[2023-01-14T10:39:18.110+0530] {logging_mixin.py:137} INFO - 2020-04-05 00:00:00
[2023-01-14T10:39:21.346+0530] {logging_mixin.py:137} INFO - 2020-04-06 00:00:00
[2023-01-14T10:39:24.720+0530] {logging_mixin.py:137} INFO - 2020-04-07 00:00:00
[2023-01-14T10:39:25.010+0530] {logging_mixin.py:137} INFO - 2020-04-08 00:00:00
[2023-01-14T10:39:25.310+0530] {logging_mixin.py:137} INFO - 2020-04-09 00:00:00
[2023-01-14T10:39:25.599+0530] {logging_mixin.py:137} INFO - 2020-04-10 00:00:00
[2023-01-14T10:39:28.726+0530] {logging_mixin.py:137} INFO - 2020-04-11 00:00:00
[2023-01-14T10:39:32.107+0530] {logging_mixin.py:137} INFO - 2020-04-12 00:00:00
[2023-01-14T10:39:35.327+0530] {logging_mixin.py:137} INFO - 2020-04-13 00:00:00
[2023-01-14T10:39:35.701+0530] {logging_mixin.py:137} INFO - 2020-04-14 00:00:00
[2023-01-14T10:39:38.852+0530] {logging_mixin.py:137} INFO - 2020-04-15 00:00:00
[2023-01-14T10:39:39.533+0530] {logging_mixin.py:137} INFO - 2020-04-16 00:00:00
[2023-01-14T10:39:40.154+0530] {logging_mixin.py:137} INFO - 2020-04-17 00:00:00
[2023-01-14T10:39:40.726+0530] {logging_mixin.py:137} INFO - 2020-04-18 00:00:00
[2023-01-14T10:39:43.977+0530] {logging_mixin.py:137} INFO - 2020-04-19 00:00:00
[2023-01-14T10:39:47.074+0530] {logging_mixin.py:137} INFO - 2020-04-20 00:00:00
[2023-01-14T10:39:47.600+0530] {logging_mixin.py:137} INFO - 2020-04-21 00:00:00
[2023-01-14T10:39:48.032+0530] {logging_mixin.py:137} INFO - 2020-04-22 00:00:00
[2023-01-14T10:39:48.350+0530] {logging_mixin.py:137} INFO - 2020-04-23 00:00:00
[2023-01-14T10:39:48.627+0530] {logging_mixin.py:137} INFO - 2020-04-24 00:00:00
[2023-01-14T10:39:49.146+0530] {logging_mixin.py:137} INFO - 2020-04-25 00:00:00
[2023-01-14T10:39:52.269+0530] {logging_mixin.py:137} INFO - 2020-04-26 00:00:00
[2023-01-14T10:39:55.519+0530] {logging_mixin.py:137} INFO - 2020-04-27 00:00:00
[2023-01-14T10:39:55.901+0530] {logging_mixin.py:137} INFO - 2020-04-28 00:00:00
[2023-01-14T10:39:56.205+0530] {logging_mixin.py:137} INFO - 2020-04-29 00:00:00
[2023-01-14T10:39:56.712+0530] {logging_mixin.py:137} INFO - 2020-04-30 00:00:00
[2023-01-14T10:39:57.246+0530] {logging_mixin.py:137} INFO - 2020-05-01 00:00:00
[2023-01-14T10:40:00.338+0530] {logging_mixin.py:137} INFO - 2020-05-02 00:00:00
[2023-01-14T10:40:03.504+0530] {logging_mixin.py:137} INFO - 2020-05-03 00:00:00
[2023-01-14T10:40:06.659+0530] {logging_mixin.py:137} INFO - 2020-05-04 00:00:00
[2023-01-14T10:40:07.246+0530] {logging_mixin.py:137} INFO - 2020-05-05 00:00:00
[2023-01-14T10:40:07.531+0530] {logging_mixin.py:137} INFO - 2020-05-06 00:00:00
[2023-01-14T10:40:07.832+0530] {logging_mixin.py:137} INFO - 2020-05-07 00:00:00
[2023-01-14T10:40:08.166+0530] {logging_mixin.py:137} INFO - 2020-05-08 00:00:00
[2023-01-14T10:40:08.479+0530] {logging_mixin.py:137} INFO - 2020-05-09 00:00:00
[2023-01-14T10:40:11.719+0530] {logging_mixin.py:137} INFO - 2020-05-10 00:00:00
[2023-01-14T10:40:14.894+0530] {logging_mixin.py:137} INFO - 2020-05-11 00:00:00
[2023-01-14T10:40:15.710+0530] {logging_mixin.py:137} INFO - 2020-05-12 00:00:00
[2023-01-14T10:40:16.013+0530] {logging_mixin.py:137} INFO - 2020-05-13 00:00:00
[2023-01-14T10:40:16.306+0530] {logging_mixin.py:137} INFO - 2020-05-14 00:00:00
[2023-01-14T10:40:16.849+0530] {logging_mixin.py:137} INFO - 2020-05-15 00:00:00
[2023-01-14T10:40:17.176+0530] {logging_mixin.py:137} INFO - 2020-05-16 00:00:00
[2023-01-14T10:40:20.310+0530] {logging_mixin.py:137} INFO - 2020-05-17 00:00:00
[2023-01-14T10:40:23.463+0530] {logging_mixin.py:137} INFO - 2020-05-18 00:00:00
[2023-01-14T10:40:23.829+0530] {logging_mixin.py:137} INFO - 2020-05-19 00:00:00
[2023-01-14T10:40:24.177+0530] {logging_mixin.py:137} INFO - 2020-05-20 00:00:00
[2023-01-14T10:40:24.587+0530] {logging_mixin.py:137} INFO - 2020-05-21 00:00:00
[2023-01-14T10:40:24.914+0530] {logging_mixin.py:137} INFO - 2020-05-22 00:00:00
[2023-01-14T10:40:25.435+0530] {logging_mixin.py:137} INFO - 2020-05-23 00:00:00
[2023-01-14T10:40:28.615+0530] {logging_mixin.py:137} INFO - 2020-05-24 00:00:00
[2023-01-14T10:40:31.703+0530] {logging_mixin.py:137} INFO - 2020-05-25 00:00:00
[2023-01-14T10:40:34.862+0530] {logging_mixin.py:137} INFO - 2020-05-26 00:00:00
[2023-01-14T10:40:35.471+0530] {logging_mixin.py:137} INFO - 2020-05-27 00:00:00
[2023-01-14T10:40:35.723+0530] {logging_mixin.py:137} INFO - 2020-05-28 00:00:00
[2023-01-14T10:40:36.006+0530] {logging_mixin.py:137} INFO - 2020-05-29 00:00:00
[2023-01-14T10:40:36.519+0530] {logging_mixin.py:137} INFO - 2020-05-30 00:00:00
[2023-01-14T10:40:39.699+0530] {logging_mixin.py:137} INFO - 2020-05-31 00:00:00
[2023-01-14T10:40:42.811+0530] {logging_mixin.py:137} INFO - 2020-06-01 00:00:00
[2023-01-14T10:40:43.088+0530] {logging_mixin.py:137} INFO - 2020-06-02 00:00:00
[2023-01-14T10:40:43.822+0530] {logging_mixin.py:137} INFO - 2020-06-03 00:00:00
[2023-01-14T10:40:44.572+0530] {logging_mixin.py:137} INFO - 2020-06-04 00:00:00
[2023-01-14T10:40:44.877+0530] {logging_mixin.py:137} INFO - 2020-06-05 00:00:00
[2023-01-14T10:40:45.158+0530] {logging_mixin.py:137} INFO - 2020-06-06 00:00:00
[2023-01-14T10:40:48.731+0530] {logging_mixin.py:137} INFO - 2020-06-07 00:00:00
[2023-01-14T10:40:51.857+0530] {logging_mixin.py:137} INFO - 2020-06-08 00:00:00
[2023-01-14T10:40:52.073+0530] {logging_mixin.py:137} INFO - 2020-06-09 00:00:00
[2023-01-14T10:40:52.404+0530] {logging_mixin.py:137} INFO - 2020-06-10 00:00:00
[2023-01-14T10:40:52.871+0530] {logging_mixin.py:137} INFO - 2020-06-11 00:00:00
[2023-01-14T10:40:53.130+0530] {logging_mixin.py:137} INFO - 2020-06-12 00:00:00
[2023-01-14T10:40:53.812+0530] {logging_mixin.py:137} INFO - 2020-06-13 00:00:00
[2023-01-14T10:40:57.140+0530] {logging_mixin.py:137} INFO - 2020-06-14 00:00:00
[2023-01-14T10:41:00.412+0530] {logging_mixin.py:137} INFO - 2020-06-15 00:00:00
[2023-01-14T10:41:00.904+0530] {logging_mixin.py:137} INFO - 2020-06-16 00:00:00
[2023-01-14T10:41:01.390+0530] {logging_mixin.py:137} INFO - 2020-06-17 00:00:00
[2023-01-14T10:41:01.706+0530] {logging_mixin.py:137} INFO - 2020-06-18 00:00:00
[2023-01-14T10:41:02.246+0530] {logging_mixin.py:137} INFO - 2020-06-19 00:00:00
[2023-01-14T10:41:02.850+0530] {logging_mixin.py:137} INFO - 2020-06-20 00:00:00
[2023-01-14T10:41:06.277+0530] {logging_mixin.py:137} INFO - 2020-06-21 00:00:00
[2023-01-14T10:41:09.398+0530] {logging_mixin.py:137} INFO - 2020-06-22 00:00:00
[2023-01-14T10:41:09.779+0530] {logging_mixin.py:137} INFO - 2020-06-23 00:00:00
[2023-01-14T10:41:10.144+0530] {logging_mixin.py:137} INFO - 2020-06-24 00:00:00
[2023-01-14T10:41:10.543+0530] {logging_mixin.py:137} INFO - 2020-06-25 00:00:00
[2023-01-14T10:41:10.968+0530] {logging_mixin.py:137} INFO - 2020-06-26 00:00:00
[2023-01-14T10:41:11.603+0530] {logging_mixin.py:137} INFO - 2020-06-27 00:00:00
[2023-01-14T10:41:14.732+0530] {logging_mixin.py:137} INFO - 2020-06-28 00:00:00
[2023-01-14T10:41:17.916+0530] {logging_mixin.py:137} INFO - 2020-06-29 00:00:00
[2023-01-14T10:41:18.269+0530] {logging_mixin.py:137} INFO - 2020-06-30 00:00:00
[2023-01-14T10:41:18.603+0530] {logging_mixin.py:137} INFO - 2020-07-01 00:00:00
[2023-01-14T10:41:19.173+0530] {logging_mixin.py:137} INFO - 2020-07-02 00:00:00
[2023-01-14T10:41:19.511+0530] {logging_mixin.py:137} INFO - 2020-07-03 00:00:00
[2023-01-14T10:41:19.839+0530] {logging_mixin.py:137} INFO - 2020-07-04 00:00:00
[2023-01-14T10:41:23.042+0530] {logging_mixin.py:137} INFO - 2020-07-05 00:00:00
[2023-01-14T10:41:26.517+0530] {logging_mixin.py:137} INFO - 2020-07-06 00:00:00
[2023-01-14T10:41:27.077+0530] {logging_mixin.py:137} INFO - 2020-07-07 00:00:00
[2023-01-14T10:41:27.611+0530] {logging_mixin.py:137} INFO - 2020-07-08 00:00:00
[2023-01-14T10:41:27.896+0530] {logging_mixin.py:137} INFO - 2020-07-09 00:00:00
[2023-01-14T10:41:28.575+0530] {logging_mixin.py:137} INFO - 2020-07-10 00:00:00
[2023-01-14T10:41:29.897+0530] {logging_mixin.py:137} INFO - 2020-07-11 00:00:00
[2023-01-14T10:41:33.077+0530] {logging_mixin.py:137} INFO - 2020-07-12 00:00:00
[2023-01-14T10:41:36.252+0530] {logging_mixin.py:137} INFO - 2020-07-13 00:00:00
[2023-01-14T10:41:36.685+0530] {logging_mixin.py:137} INFO - 2020-07-14 00:00:00
[2023-01-14T10:41:37.240+0530] {logging_mixin.py:137} INFO - 2020-07-15 00:00:00
[2023-01-14T10:41:37.637+0530] {logging_mixin.py:137} INFO - 2020-07-16 00:00:00
[2023-01-14T10:41:37.951+0530] {logging_mixin.py:137} INFO - 2020-07-17 00:00:00
[2023-01-14T10:41:38.249+0530] {logging_mixin.py:137} INFO - 2020-07-18 00:00:00
[2023-01-14T10:41:41.599+0530] {logging_mixin.py:137} INFO - 2020-07-19 00:00:00
[2023-01-14T10:41:44.835+0530] {logging_mixin.py:137} INFO - 2020-07-20 00:00:00
[2023-01-14T10:41:45.423+0530] {logging_mixin.py:137} INFO - 2020-07-21 00:00:00
[2023-01-14T10:41:46.060+0530] {logging_mixin.py:137} INFO - 2020-07-22 00:00:00
[2023-01-14T10:41:46.423+0530] {logging_mixin.py:137} INFO - 2020-07-23 00:00:00
[2023-01-14T10:41:46.750+0530] {logging_mixin.py:137} INFO - 2020-07-24 00:00:00
[2023-01-14T10:41:47.546+0530] {logging_mixin.py:137} INFO - 2020-07-25 00:00:00
[2023-01-14T10:41:50.641+0530] {logging_mixin.py:137} INFO - 2020-07-26 00:00:00
[2023-01-14T10:41:54.022+0530] {logging_mixin.py:137} INFO - 2020-07-27 00:00:00
[2023-01-14T10:41:54.575+0530] {logging_mixin.py:137} INFO - 2020-07-28 00:00:00
[2023-01-14T10:41:55.077+0530] {logging_mixin.py:137} INFO - 2020-07-29 00:00:00
[2023-01-14T10:41:55.510+0530] {logging_mixin.py:137} INFO - 2020-07-30 00:00:00
[2023-01-14T10:41:55.960+0530] {logging_mixin.py:137} INFO - 2020-07-31 00:00:00
[2023-01-14T10:41:56.583+0530] {logging_mixin.py:137} INFO - 2020-08-01 00:00:00
[2023-01-14T10:41:59.725+0530] {logging_mixin.py:137} INFO - 2020-08-02 00:00:00
[2023-01-14T10:42:02.848+0530] {logging_mixin.py:137} INFO - 2020-08-03 00:00:00
[2023-01-14T10:42:03.211+0530] {logging_mixin.py:137} INFO - 2020-08-04 00:00:00
[2023-01-14T10:42:03.645+0530] {logging_mixin.py:137} INFO - 2020-08-05 00:00:00
[2023-01-14T10:42:04.772+0530] {logging_mixin.py:137} INFO - 2020-08-06 00:00:00
[2023-01-14T10:42:05.231+0530] {logging_mixin.py:137} INFO - 2020-08-07 00:00:00
[2023-01-14T10:42:05.816+0530] {logging_mixin.py:137} INFO - 2020-08-08 00:00:00
[2023-01-14T10:42:09.057+0530] {logging_mixin.py:137} INFO - 2020-08-09 00:00:00
[2023-01-14T10:42:12.171+0530] {logging_mixin.py:137} INFO - 2020-08-10 00:00:00
[2023-01-14T10:42:12.549+0530] {logging_mixin.py:137} INFO - 2020-08-11 00:00:00
[2023-01-14T10:42:12.909+0530] {logging_mixin.py:137} INFO - 2020-08-12 00:00:00
[2023-01-14T10:42:13.294+0530] {logging_mixin.py:137} INFO - 2020-08-13 00:00:00
[2023-01-14T10:42:13.626+0530] {logging_mixin.py:137} INFO - 2020-08-14 00:00:00
[2023-01-14T10:42:14.061+0530] {logging_mixin.py:137} INFO - 2020-08-15 00:00:00
[2023-01-14T10:42:17.249+0530] {logging_mixin.py:137} INFO - 2020-08-16 00:00:00
[2023-01-14T10:42:20.352+0530] {logging_mixin.py:137} INFO - 2020-08-17 00:00:00
[2023-01-14T10:42:20.659+0530] {logging_mixin.py:137} INFO - 2020-08-18 00:00:00
[2023-01-14T10:42:20.934+0530] {logging_mixin.py:137} INFO - 2020-08-19 00:00:00
[2023-01-14T10:42:21.254+0530] {logging_mixin.py:137} INFO - 2020-08-20 00:00:00
[2023-01-14T10:42:21.593+0530] {logging_mixin.py:137} INFO - 2020-08-21 00:00:00
[2023-01-14T10:42:21.961+0530] {logging_mixin.py:137} INFO - 2020-08-22 00:00:00
[2023-01-14T10:42:25.072+0530] {logging_mixin.py:137} INFO - 2020-08-23 00:00:00
[2023-01-14T10:42:28.256+0530] {logging_mixin.py:137} INFO - 2020-08-24 00:00:00
[2023-01-14T10:42:28.533+0530] {logging_mixin.py:137} INFO - 2020-08-25 00:00:00
[2023-01-14T10:42:28.886+0530] {logging_mixin.py:137} INFO - 2020-08-26 00:00:00
[2023-01-14T10:42:29.171+0530] {logging_mixin.py:137} INFO - 2020-08-27 00:00:00
[2023-01-14T10:42:29.627+0530] {logging_mixin.py:137} INFO - 2020-08-28 00:00:00
[2023-01-14T10:42:30.305+0530] {logging_mixin.py:137} INFO - 2020-08-29 00:00:00
[2023-01-14T10:42:33.486+0530] {logging_mixin.py:137} INFO - 2020-08-30 00:00:00
[2023-01-14T10:42:36.862+0530] {logging_mixin.py:137} INFO - 2020-08-31 00:00:00
[2023-01-14T10:42:37.202+0530] {logging_mixin.py:137} INFO - 2020-09-01 00:00:00
[2023-01-14T10:42:37.788+0530] {logging_mixin.py:137} INFO - 2020-09-02 00:00:00
[2023-01-14T10:42:38.137+0530] {logging_mixin.py:137} INFO - 2020-09-03 00:00:00
[2023-01-14T10:42:38.387+0530] {logging_mixin.py:137} INFO - 2020-09-04 00:00:00
[2023-01-14T10:42:38.673+0530] {logging_mixin.py:137} INFO - 2020-09-05 00:00:00
[2023-01-14T10:42:41.796+0530] {logging_mixin.py:137} INFO - 2020-09-06 00:00:00
[2023-01-14T10:42:44.913+0530] {logging_mixin.py:137} INFO - 2020-09-07 00:00:00
[2023-01-14T10:42:45.285+0530] {logging_mixin.py:137} INFO - 2020-09-08 00:00:00
[2023-01-14T10:42:45.637+0530] {logging_mixin.py:137} INFO - 2020-09-09 00:00:00
[2023-01-14T10:42:46.011+0530] {logging_mixin.py:137} INFO - 2020-09-10 00:00:00
[2023-01-14T10:42:46.344+0530] {logging_mixin.py:137} INFO - 2020-09-11 00:00:00
[2023-01-14T10:42:46.682+0530] {logging_mixin.py:137} INFO - 2020-09-12 00:00:00
[2023-01-14T10:42:49.810+0530] {logging_mixin.py:137} INFO - 2020-09-13 00:00:00
[2023-01-14T10:42:52.916+0530] {logging_mixin.py:137} INFO - 2020-09-14 00:00:00
[2023-01-14T10:42:53.194+0530] {logging_mixin.py:137} INFO - 2020-09-15 00:00:00
[2023-01-14T10:42:53.743+0530] {logging_mixin.py:137} INFO - 2020-09-16 00:00:00
[2023-01-14T10:42:54.010+0530] {logging_mixin.py:137} INFO - 2020-09-17 00:00:00
[2023-01-14T10:42:54.694+0530] {logging_mixin.py:137} INFO - 2020-09-18 00:00:00
[2023-01-14T10:42:55.068+0530] {logging_mixin.py:137} INFO - 2020-09-19 00:00:00
[2023-01-14T10:42:58.289+0530] {logging_mixin.py:137} INFO - 2020-09-20 00:00:00
[2023-01-14T10:43:01.490+0530] {logging_mixin.py:137} INFO - 2020-09-21 00:00:00
[2023-01-14T10:43:01.970+0530] {logging_mixin.py:137} INFO - 2020-09-22 00:00:00
[2023-01-14T10:43:02.346+0530] {logging_mixin.py:137} INFO - 2020-09-23 00:00:00
[2023-01-14T10:43:02.871+0530] {logging_mixin.py:137} INFO - 2020-09-24 00:00:00
[2023-01-14T10:43:03.438+0530] {logging_mixin.py:137} INFO - 2020-09-25 00:00:00
[2023-01-14T10:43:03.984+0530] {logging_mixin.py:137} INFO - 2020-09-26 00:00:00
[2023-01-14T10:43:07.420+0530] {logging_mixin.py:137} INFO - 2020-09-27 00:00:00
[2023-01-14T10:43:10.608+0530] {logging_mixin.py:137} INFO - 2020-09-28 00:00:00
[2023-01-14T10:43:11.078+0530] {logging_mixin.py:137} INFO - 2020-09-29 00:00:00
[2023-01-14T10:43:11.535+0530] {logging_mixin.py:137} INFO - 2020-09-30 00:00:00
[2023-01-14T10:43:12.143+0530] {logging_mixin.py:137} INFO - 2020-10-01 00:00:00
[2023-01-14T10:43:12.687+0530] {logging_mixin.py:137} INFO - 2020-10-02 00:00:00
[2023-01-14T10:43:15.807+0530] {logging_mixin.py:137} INFO - 2020-10-03 00:00:00
[2023-01-14T10:43:19.094+0530] {logging_mixin.py:137} INFO - 2020-10-04 00:00:00
[2023-01-14T10:43:22.277+0530] {logging_mixin.py:137} INFO - 2020-10-05 00:00:00
[2023-01-14T10:43:22.733+0530] {logging_mixin.py:137} INFO - 2020-10-06 00:00:00
[2023-01-14T10:43:23.387+0530] {logging_mixin.py:137} INFO - 2020-10-07 00:00:00
[2023-01-14T10:43:23.871+0530] {logging_mixin.py:137} INFO - 2020-10-08 00:00:00
[2023-01-14T10:43:24.241+0530] {logging_mixin.py:137} INFO - 2020-10-09 00:00:00
[2023-01-14T10:43:24.819+0530] {logging_mixin.py:137} INFO - 2020-10-10 00:00:00
[2023-01-14T10:43:27.959+0530] {logging_mixin.py:137} INFO - 2020-10-11 00:00:00
[2023-01-14T10:43:31.360+0530] {logging_mixin.py:137} INFO - 2020-10-12 00:00:00
[2023-01-14T10:43:31.853+0530] {logging_mixin.py:137} INFO - 2020-10-13 00:00:00
[2023-01-14T10:43:32.212+0530] {logging_mixin.py:137} INFO - 2020-10-14 00:00:00
[2023-01-14T10:43:32.566+0530] {logging_mixin.py:137} INFO - 2020-10-15 00:00:00
[2023-01-14T10:43:33.424+0530] {logging_mixin.py:137} INFO - 2020-10-16 00:00:00
[2023-01-14T10:43:34.022+0530] {logging_mixin.py:137} INFO - 2020-10-17 00:00:00
[2023-01-14T10:43:37.208+0530] {logging_mixin.py:137} INFO - 2020-10-18 00:00:00
[2023-01-14T10:43:40.755+0530] {logging_mixin.py:137} INFO - 2020-10-19 00:00:00
[2023-01-14T10:43:41.461+0530] {logging_mixin.py:137} INFO - 2020-10-20 00:00:00
[2023-01-14T10:43:41.906+0530] {logging_mixin.py:137} INFO - 2020-10-21 00:00:00
[2023-01-14T10:43:42.581+0530] {logging_mixin.py:137} INFO - 2020-10-22 00:00:00
[2023-01-14T10:43:43.032+0530] {logging_mixin.py:137} INFO - 2020-10-23 00:00:00
[2023-01-14T10:43:43.430+0530] {logging_mixin.py:137} INFO - 2020-10-24 00:00:00
[2023-01-14T10:43:46.613+0530] {logging_mixin.py:137} INFO - 2020-10-25 00:00:00
[2023-01-14T10:43:49.767+0530] {logging_mixin.py:137} INFO - 2020-10-26 00:00:00
[2023-01-14T10:43:50.374+0530] {logging_mixin.py:137} INFO - 2020-10-27 00:00:00
[2023-01-14T10:43:50.871+0530] {logging_mixin.py:137} INFO - 2020-10-28 00:00:00
[2023-01-14T10:43:51.271+0530] {logging_mixin.py:137} INFO - 2020-10-29 00:00:00
[2023-01-14T10:43:51.850+0530] {logging_mixin.py:137} INFO - 2020-10-30 00:00:00
[2023-01-14T10:43:52.250+0530] {logging_mixin.py:137} INFO - 2020-10-31 00:00:00
[2023-01-14T10:43:55.578+0530] {logging_mixin.py:137} INFO - 2020-11-01 00:00:00
[2023-01-14T10:43:58.700+0530] {logging_mixin.py:137} INFO - 2020-11-02 00:00:00
[2023-01-14T10:43:59.110+0530] {logging_mixin.py:137} INFO - 2020-11-03 00:00:00
[2023-01-14T10:43:59.710+0530] {logging_mixin.py:137} INFO - 2020-11-04 00:00:00
[2023-01-14T10:44:00.722+0530] {logging_mixin.py:137} INFO - 2020-11-05 00:00:00
[2023-01-14T10:44:01.567+0530] {logging_mixin.py:137} INFO - 2020-11-06 00:00:00
[2023-01-14T10:44:02.437+0530] {logging_mixin.py:137} INFO - 2020-11-07 00:00:00
[2023-01-14T10:44:06.132+0530] {logging_mixin.py:137} INFO - 2020-11-08 00:00:00
[2023-01-14T10:44:09.898+0530] {logging_mixin.py:137} INFO - 2020-11-09 00:00:00
[2023-01-14T10:44:14.413+0530] {logging_mixin.py:137} INFO - 2020-11-10 00:00:00
[2023-01-14T10:44:14.994+0530] {logging_mixin.py:137} INFO - 2020-11-11 00:00:00
[2023-01-14T10:44:56.522+0530] {base_job.py:232} ERROR - LocalTaskJob heartbeat got an exception
Traceback (most recent call last):
  File "/usr/local/lib/python3.8/dist-packages/sqlalchemy/engine/base.py", line 1089, in _commit_impl
    self.engine.dialect.do_commit(self.connection)
  File "/usr/local/lib/python3.8/dist-packages/sqlalchemy/engine/default.py", line 686, in do_commit
    dbapi_connection.commit()
sqlite3.OperationalError: database is locked

The above exception was the direct cause of the following exception:

Traceback (most recent call last):
  File "/usr/local/lib/python3.8/dist-packages/airflow/jobs/base_job.py", line 205, in heartbeat
    previous_heartbeat = self.latest_heartbeat
  File "/usr/lib/python3.8/contextlib.py", line 120, in __exit__
    next(self.gen)
  File "/usr/local/lib/python3.8/dist-packages/airflow/utils/session.py", line 36, in create_session
    session.commit()
  File "/usr/local/lib/python3.8/dist-packages/sqlalchemy/orm/session.py", line 1451, in commit
    self._transaction.commit(_to_root=self.future)
  File "/usr/local/lib/python3.8/dist-packages/sqlalchemy/orm/session.py", line 836, in commit
    trans.commit()
  File "/usr/local/lib/python3.8/dist-packages/sqlalchemy/engine/base.py", line 2459, in commit
    self._do_commit()
  File "/usr/local/lib/python3.8/dist-packages/sqlalchemy/engine/base.py", line 2649, in _do_commit
    self._connection_commit_impl()
  File "/usr/local/lib/python3.8/dist-packages/sqlalchemy/engine/base.py", line 2620, in _connection_commit_impl
    self.connection._commit_impl()
  File "/usr/local/lib/python3.8/dist-packages/sqlalchemy/engine/base.py", line 1091, in _commit_impl
    self._handle_dbapi_exception(e, None, None, None, None)
  File "/usr/local/lib/python3.8/dist-packages/sqlalchemy/engine/base.py", line 2124, in _handle_dbapi_exception
    util.raise_(
  File "/usr/local/lib/python3.8/dist-packages/sqlalchemy/util/compat.py", line 210, in raise_
    raise exception
  File "/usr/local/lib/python3.8/dist-packages/sqlalchemy/engine/base.py", line 1089, in _commit_impl
    self.engine.dialect.do_commit(self.connection)
  File "/usr/local/lib/python3.8/dist-packages/sqlalchemy/engine/default.py", line 686, in do_commit
    dbapi_connection.commit()
sqlalchemy.exc.OperationalError: (sqlite3.OperationalError) database is locked
(Background on this error at: https://sqlalche.me/e/14/e3q8)
[2023-01-14T10:54:55.625+0530] {local_task_job.py:223} WARNING - State of this instance has been externally set to failed. Terminating instance.
[2023-01-14T10:54:55.706+0530] {process_utils.py:129} INFO - Sending Signals.SIGTERM to group 29959. PIDs of all processes in the group: [29959]
[2023-01-14T10:54:55.723+0530] {process_utils.py:84} INFO - Sending the signal Signals.SIGTERM to group 29959
[2023-01-14T10:54:55.790+0530] {taskinstance.py:1483} ERROR - Received SIGTERM. Terminating subprocesses.
[2023-01-14T10:54:55.995+0530] {taskinstance.py:1772} ERROR - Task failed with exception
Traceback (most recent call last):
  File "/usr/local/lib/python3.8/dist-packages/airflow/operators/python.py", line 175, in execute
    return_value = self.execute_callable()
  File "/usr/local/lib/python3.8/dist-packages/airflow/operators/python.py", line 192, in execute_callable
    return self.python_callable(*self.op_args, **self.op_kwargs)
  File "/root/airflow/dags/NSE_Open_Interest.py", line 83, in extract
    dd,values = get_data(date)
TypeError: cannot unpack non-iterable int object
[2023-01-14T10:54:56.456+0530] {taskinstance.py:1322} INFO - Marking task as UP_FOR_RETRY. dag_id=NSE_Open_Interest, task_id=extract, execution_date=20230113T000000, start_date=20230114T050806, end_date=20230114T052456
[2023-01-14T10:54:56.870+0530] {standard_task_runner.py:100} ERROR - Failed to execute job 3192 for task extract (cannot unpack non-iterable int object; 29959)
[2023-01-14T10:54:56.960+0530] {process_utils.py:79} INFO - Process psutil.Process(pid=29959, status='terminated', exitcode=1, started='10:38:05') (29959) terminated with exit code 1
