[2023-02-03T13:45:49.879+0530] {taskinstance.py:1087} INFO - Dependencies all met for <TaskInstance: Monthly.extract manual__2023-02-03T07:49:44.011326+00:00 [queued]>
[2023-02-03T13:45:49.914+0530] {taskinstance.py:1087} INFO - Dependencies all met for <TaskInstance: Monthly.extract manual__2023-02-03T07:49:44.011326+00:00 [queued]>
[2023-02-03T13:45:49.914+0530] {taskinstance.py:1283} INFO - 
--------------------------------------------------------------------------------
[2023-02-03T13:45:49.914+0530] {taskinstance.py:1284} INFO - Starting attempt 4 of 4
[2023-02-03T13:45:49.914+0530] {taskinstance.py:1285} INFO - 
--------------------------------------------------------------------------------
[2023-02-03T13:45:49.956+0530] {taskinstance.py:1304} INFO - Executing <Task(PythonOperator): extract> on 2023-02-03 07:49:44.011326+00:00
[2023-02-03T13:45:49.966+0530] {standard_task_runner.py:55} INFO - Started process 28082 to run task
[2023-02-03T13:45:49.971+0530] {standard_task_runner.py:82} INFO - Running: ['airflow', 'tasks', 'run', 'Monthly', 'extract', 'manual__2023-02-03T07:49:44.011326+00:00', '--job-id', '3962', '--raw', '--subdir', 'DAGS_FOLDER/Monthly.py', '--cfg-path', '/tmp/tmp743_yg09']
[2023-02-03T13:45:49.973+0530] {standard_task_runner.py:83} INFO - Job 3962: Subtask extract
[2023-02-03T13:45:50.061+0530] {task_command.py:389} INFO - Running <TaskInstance: Monthly.extract manual__2023-02-03T07:49:44.011326+00:00 [running]> on host DESKTOP-SQIOQPD.
[2023-02-03T13:45:50.271+0530] {taskinstance.py:1511} INFO - Exporting the following env vars:
AIRFLOW_CTX_DAG_EMAIL=nikheleshbhattacharyya@gmail.com
AIRFLOW_CTX_DAG_OWNER=airflow
AIRFLOW_CTX_DAG_ID=Monthly
AIRFLOW_CTX_TASK_ID=extract
AIRFLOW_CTX_EXECUTION_DATE=2023-02-03T07:49:44.011326+00:00
AIRFLOW_CTX_TRY_NUMBER=4
AIRFLOW_CTX_DAG_RUN_ID=manual__2023-02-03T07:49:44.011326+00:00
[2023-02-03T13:46:47.974+0530] {logging_mixin.py:137} INFO - document.getElementById('20201').click()
[2023-02-03T13:47:04.653+0530] {logging_mixin.py:137} INFO - document.getElementById('20202').click()
[2023-02-03T13:47:52.898+0530] {logging_mixin.py:137} INFO - document.getElementById('20203').click()
[2023-02-03T13:49:04.432+0530] {logging_mixin.py:137} INFO - document.getElementById('20204').click()
[2023-02-03T13:50:22.934+0530] {logging_mixin.py:137} INFO - document.getElementById('20205').click()
[2023-02-03T13:51:14.249+0530] {process_utils.py:129} INFO - Sending Signals.SIGTERM to group 28082. PIDs of all processes in the group: [28083, 28089, 28093, 28094, 28100, 28101, 28118, 28152, 28116, 28082]
[2023-02-03T13:51:15.049+0530] {process_utils.py:84} INFO - Sending the signal Signals.SIGTERM to group 28082
[2023-02-03T13:51:15.511+0530] {process_utils.py:79} INFO - Process psutil.Process(pid=28100, status='terminated', started='13:45:51') (28100) terminated with exit code None
[2023-02-03T13:51:15.517+0530] {process_utils.py:79} INFO - Process psutil.Process(pid=28116, status='terminated', started='13:45:57') (28116) terminated with exit code None
[2023-02-03T13:51:15.518+0530] {process_utils.py:79} INFO - Process psutil.Process(pid=28101, status='terminated', started='13:45:51') (28101) terminated with exit code None
[2023-02-03T13:51:15.541+0530] {process_utils.py:79} INFO - Process psutil.Process(pid=28152, status='terminated', started='13:46:04') (28152) terminated with exit code None
[2023-02-03T13:51:15.542+0530] {process_utils.py:79} INFO - Process psutil.Process(pid=28118, status='terminated', started='13:45:57') (28118) terminated with exit code None
[2023-02-03T13:51:15.543+0530] {process_utils.py:79} INFO - Process psutil.Process(pid=28093, status='terminated', started='13:45:50') (28093) terminated with exit code None
[2023-02-03T13:51:15.285+0530] {taskinstance.py:1483} ERROR - Received SIGTERM. Terminating subprocesses.
[2023-02-03T13:51:15.685+0530] {process_utils.py:79} INFO - Process psutil.Process(pid=28094, status='terminated', started='13:45:50') (28094) terminated with exit code None
[2023-02-03T13:51:15.686+0530] {process_utils.py:79} INFO - Process psutil.Process(pid=28089, status='terminated', started='13:45:50') (28089) terminated with exit code None
[2023-02-03T13:51:18.115+0530] {taskinstance.py:1772} ERROR - Task failed with exception
Traceback (most recent call last):
  File "/usr/local/lib/python3.8/dist-packages/airflow/operators/python.py", line 175, in execute
    return_value = self.execute_callable()
  File "/usr/local/lib/python3.8/dist-packages/airflow/operators/python.py", line 192, in execute_callable
    return self.python_callable(*self.op_args, **self.op_kwargs)
  File "/root/airflow/dags/Monthly.py", line 481, in extract
    bulletin_4,bulletin_4A,bulletin_31,bulletin_34,bulletin_35,bulletin_36,bulletin_37 = link_gen(elem)
  File "/usr/local/lib/python3.8/dist-packages/selenium/webdriver/remote/webdriver.py", line 500, in execute_script
    return self.execute(command, {"script": script, "args": converted_args})["value"]
  File "/usr/local/lib/python3.8/dist-packages/selenium/webdriver/remote/webdriver.py", line 438, in execute
    response = self.command_executor.execute(driver_command, params)
  File "/usr/local/lib/python3.8/dist-packages/selenium/webdriver/remote/remote_connection.py", line 290, in execute
    return self._request(command_info[0], url, body=data)
  File "/usr/local/lib/python3.8/dist-packages/selenium/webdriver/remote/remote_connection.py", line 311, in _request
    response = self._conn.request(method, url, body=body, headers=headers)
  File "/usr/local/lib/python3.8/dist-packages/urllib3/request.py", line 78, in request
    return self.request_encode_body(
  File "/usr/local/lib/python3.8/dist-packages/urllib3/request.py", line 170, in request_encode_body
    return self.urlopen(method, url, **extra_kw)
  File "/usr/local/lib/python3.8/dist-packages/urllib3/poolmanager.py", line 375, in urlopen
    response = conn.urlopen(method, u.request_uri, **kw)
  File "/usr/local/lib/python3.8/dist-packages/urllib3/connectionpool.py", line 699, in urlopen
    httplib_response = self._make_request(
  File "/usr/local/lib/python3.8/dist-packages/urllib3/connectionpool.py", line 445, in _make_request
    six.raise_from(e, None)
  File "<string>", line 3, in raise_from
  File "/usr/local/lib/python3.8/dist-packages/urllib3/connectionpool.py", line 440, in _make_request
    httplib_response = conn.getresponse()
  File "/usr/lib/python3.8/http/client.py", line 1348, in getresponse
    response.begin()
  File "/usr/lib/python3.8/http/client.py", line 316, in begin
    version, status, reason = self._read_status()
  File "/usr/lib/python3.8/http/client.py", line 277, in _read_status
    line = str(self.fp.readline(_MAXLINE + 1), "iso-8859-1")
  File "/usr/lib/python3.8/socket.py", line 669, in readinto
    return self._sock.recv_into(b)
  File "/usr/local/lib/python3.8/dist-packages/airflow/models/taskinstance.py", line 1485, in signal_handler
    raise AirflowException("Task received SIGTERM signal")
airflow.exceptions.AirflowException: Task received SIGTERM signal
[2023-02-03T13:51:18.684+0530] {taskinstance.py:1322} INFO - Marking task as FAILED. dag_id=Monthly, task_id=extract, execution_date=20230203T074944, start_date=20230203T081549, end_date=20230203T082118
[2023-02-03T13:51:20.449+0530] {logging_mixin.py:137} WARNING - /usr/local/lib/python3.8/dist-packages/airflow/utils/email.py:120 RemovedInAirflow3Warning: Fetching SMTP credentials from configuration variables will be deprecated in a future release. Please set credentials using a connection instead.
[2023-02-03T13:51:20.451+0530] {configuration.py:635} WARNING - section/key [smtp/smtp_user] not found in config
[2023-02-03T13:51:20.451+0530] {email.py:229} INFO - Email alerting: attempt 1
[2023-02-03T13:51:20.515+0530] {configuration.py:635} WARNING - section/key [smtp/smtp_user] not found in config
[2023-02-03T13:51:20.517+0530] {email.py:229} INFO - Email alerting: attempt 1
[2023-02-03T13:51:20.518+0530] {taskinstance.py:1835} ERROR - Failed to send email to: ['nikheleshbhattacharyya@gmail.com']
Traceback (most recent call last):
  File "/usr/local/lib/python3.8/dist-packages/airflow/models/taskinstance.py", line 1378, in _run_raw_task
    self._execute_task_with_callbacks(context, test_mode)
  File "/usr/local/lib/python3.8/dist-packages/airflow/models/taskinstance.py", line 1524, in _execute_task_with_callbacks
    result = self._execute_task(context, task_orig)
  File "/usr/local/lib/python3.8/dist-packages/airflow/models/taskinstance.py", line 1585, in _execute_task
    result = execute_callable(context=context)
  File "/usr/local/lib/python3.8/dist-packages/airflow/operators/python.py", line 175, in execute
    return_value = self.execute_callable()
  File "/usr/local/lib/python3.8/dist-packages/airflow/operators/python.py", line 192, in execute_callable
    return self.python_callable(*self.op_args, **self.op_kwargs)
  File "/root/airflow/dags/Monthly.py", line 481, in extract
    bulletin_4,bulletin_4A,bulletin_31,bulletin_34,bulletin_35,bulletin_36,bulletin_37 = link_gen(elem)
  File "/usr/local/lib/python3.8/dist-packages/selenium/webdriver/remote/webdriver.py", line 500, in execute_script
    return self.execute(command, {"script": script, "args": converted_args})["value"]
  File "/usr/local/lib/python3.8/dist-packages/selenium/webdriver/remote/webdriver.py", line 438, in execute
    response = self.command_executor.execute(driver_command, params)
  File "/usr/local/lib/python3.8/dist-packages/selenium/webdriver/remote/remote_connection.py", line 290, in execute
    return self._request(command_info[0], url, body=data)
  File "/usr/local/lib/python3.8/dist-packages/selenium/webdriver/remote/remote_connection.py", line 311, in _request
    response = self._conn.request(method, url, body=body, headers=headers)
  File "/usr/local/lib/python3.8/dist-packages/urllib3/request.py", line 78, in request
    return self.request_encode_body(
  File "/usr/local/lib/python3.8/dist-packages/urllib3/request.py", line 170, in request_encode_body
    return self.urlopen(method, url, **extra_kw)
  File "/usr/local/lib/python3.8/dist-packages/urllib3/poolmanager.py", line 375, in urlopen
    response = conn.urlopen(method, u.request_uri, **kw)
  File "/usr/local/lib/python3.8/dist-packages/urllib3/connectionpool.py", line 699, in urlopen
    httplib_response = self._make_request(
  File "/usr/local/lib/python3.8/dist-packages/urllib3/connectionpool.py", line 445, in _make_request
    six.raise_from(e, None)
  File "<string>", line 3, in raise_from
  File "/usr/local/lib/python3.8/dist-packages/urllib3/connectionpool.py", line 440, in _make_request
    httplib_response = conn.getresponse()
  File "/usr/lib/python3.8/http/client.py", line 1348, in getresponse
    response.begin()
  File "/usr/lib/python3.8/http/client.py", line 316, in begin
    version, status, reason = self._read_status()
  File "/usr/lib/python3.8/http/client.py", line 277, in _read_status
    line = str(self.fp.readline(_MAXLINE + 1), "iso-8859-1")
  File "/usr/lib/python3.8/socket.py", line 669, in readinto
    return self._sock.recv_into(b)
  File "/usr/local/lib/python3.8/dist-packages/airflow/models/taskinstance.py", line 1485, in signal_handler
    raise AirflowException("Task received SIGTERM signal")
airflow.exceptions.AirflowException: Task received SIGTERM signal

During handling of the above exception, another exception occurred:

Traceback (most recent call last):
  File "/usr/local/lib/python3.8/dist-packages/airflow/models/taskinstance.py", line 2235, in email_alert
    send_email(task.email, subject, html_content)
  File "/usr/local/lib/python3.8/dist-packages/airflow/utils/email.py", line 59, in send_email
    return backend(
  File "/usr/local/lib/python3.8/dist-packages/airflow/utils/email.py", line 120, in send_email_smtp
    send_mime_email(e_from=mail_from, e_to=recipients, mime_msg=msg, conn_id=conn_id, dryrun=dryrun)
  File "/usr/local/lib/python3.8/dist-packages/airflow/utils/email.py", line 231, in send_mime_email
    smtp_conn = _get_smtp_connection(smtp_host, smtp_port, smtp_timeout, smtp_ssl)
  File "/usr/local/lib/python3.8/dist-packages/airflow/utils/email.py", line 265, in _get_smtp_connection
    else smtplib.SMTP(host=host, port=port, timeout=timeout)
  File "/usr/lib/python3.8/smtplib.py", line 255, in __init__
    (code, msg) = self.connect(host, port)
  File "/usr/lib/python3.8/smtplib.py", line 339, in connect
    self.sock = self._get_socket(host, port, self.timeout)
  File "/usr/lib/python3.8/smtplib.py", line 310, in _get_socket
    return socket.create_connection((host, port), timeout,
  File "/usr/lib/python3.8/socket.py", line 808, in create_connection
    raise err
  File "/usr/lib/python3.8/socket.py", line 796, in create_connection
    sock.connect(sa)
ConnectionRefusedError: [Errno 111] Connection refused

During handling of the above exception, another exception occurred:

Traceback (most recent call last):
  File "/usr/local/lib/python3.8/dist-packages/airflow/models/taskinstance.py", line 1833, in handle_failure
    self.email_alert(error, task)
  File "/usr/local/lib/python3.8/dist-packages/airflow/models/taskinstance.py", line 2237, in email_alert
    send_email(task.email, subject, html_content_err)
  File "/usr/local/lib/python3.8/dist-packages/airflow/utils/email.py", line 59, in send_email
    return backend(
  File "/usr/local/lib/python3.8/dist-packages/airflow/utils/email.py", line 120, in send_email_smtp
    send_mime_email(e_from=mail_from, e_to=recipients, mime_msg=msg, conn_id=conn_id, dryrun=dryrun)
  File "/usr/local/lib/python3.8/dist-packages/airflow/utils/email.py", line 231, in send_mime_email
    smtp_conn = _get_smtp_connection(smtp_host, smtp_port, smtp_timeout, smtp_ssl)
  File "/usr/local/lib/python3.8/dist-packages/airflow/utils/email.py", line 265, in _get_smtp_connection
    else smtplib.SMTP(host=host, port=port, timeout=timeout)
  File "/usr/lib/python3.8/smtplib.py", line 255, in __init__
    (code, msg) = self.connect(host, port)
  File "/usr/lib/python3.8/smtplib.py", line 339, in connect
    self.sock = self._get_socket(host, port, self.timeout)
  File "/usr/lib/python3.8/smtplib.py", line 310, in _get_socket
    return socket.create_connection((host, port), timeout,
  File "/usr/lib/python3.8/socket.py", line 808, in create_connection
    raise err
  File "/usr/lib/python3.8/socket.py", line 796, in create_connection
    sock.connect(sa)
ConnectionRefusedError: [Errno 111] Connection refused
[2023-02-03T13:51:21.331+0530] {standard_task_runner.py:100} ERROR - Failed to execute job 3962 for task extract (Task received SIGTERM signal; 28082)
[2023-02-03T13:51:21.530+0530] {process_utils.py:79} INFO - Process psutil.Process(pid=28083, status='terminated', started='13:45:49') (28083) terminated with exit code None
[2023-02-03T13:51:21.531+0530] {process_utils.py:79} INFO - Process psutil.Process(pid=28082, status='terminated', exitcode=1, started='13:45:49') (28082) terminated with exit code 1
